0 info it worked if it ends with ok
1 verbose cli [ 'D:\\nodeJS\\nodejs\\node.exe',
1 verbose cli   'D:\\nodeJS\\nodejs\\node_modules\\npm\\bin\\npm-cli.js',
1 verbose cli   'run',
1 verbose cli   'clean' ]
2 info using npm@3.10.10
3 info using node@v6.10.2
4 verbose run-script [ 'preclean', 'clean', 'postclean' ]
5 info lifecycle console-props@1.0.2~preclean: console-props@1.0.2
6 silly lifecycle console-props@1.0.2~preclean: no script for preclean, continuing
7 info lifecycle console-props@1.0.2~clean: console-props@1.0.2
8 verbose lifecycle console-props@1.0.2~clean: unsafe-perm in lifecycle true
9 verbose lifecycle console-props@1.0.2~clean: PATH: D:\nodeJS\nodejs\node_modules\npm\bin\node-gyp-bin;D:\phpStudy\WWW\allPackages\consoleProps\node_modules\.bin;C:\Users\Administrator\bin;D:\git\Git\mingw64\bin;D:\git\Git\usr\local\bin;D:\git\Git\usr\bin;D:\git\Git\usr\bin;D:\git\Git\mingw64\bin;D:\git\Git\usr\bin;C:\Users\Administrator\bin;C:\ProgramData\Oracle\Java\javapath;C:\Windows\system32;C:\Windows;C:\Windows\System32\Wbem;C:\Windows\System32\WindowsPowerShell\v1.0;D:\git\Git\cmd;D:\nodeJS\nodejs;D:\SVN\setupFile\bin;D:\JAVA\JDK\bin;D:\JAVA\JDK\jre\bin;C:\Users\Administrator\AppData\Roaming\npm;D:\git\Git\usr\bin\vendor_perl;D:\git\Git\usr\bin\core_perl
10 verbose lifecycle console-props@1.0.2~clean: CWD: D:\phpStudy\WWW\allPackages\consoleProps
11 silly lifecycle console-props@1.0.2~clean: Args: [ '/d /s /c', 'rimraf lib' ]
12 silly lifecycle console-props@1.0.2~clean: Returned: code: 1  signal: null
13 info lifecycle console-props@1.0.2~clean: Failed to exec clean script
14 verbose stack Error: console-props@1.0.2 clean: `rimraf lib`
14 verbose stack Exit status 1
14 verbose stack     at EventEmitter.<anonymous> (D:\nodeJS\nodejs\node_modules\npm\lib\utils\lifecycle.js:255:16)
14 verbose stack     at emitTwo (events.js:106:13)
14 verbose stack     at EventEmitter.emit (events.js:191:7)
14 verbose stack     at ChildProcess.<anonymous> (D:\nodeJS\nodejs\node_modules\npm\lib\utils\spawn.js:40:14)
14 verbose stack     at emitTwo (events.js:106:13)
14 verbose stack     at ChildProcess.emit (events.js:191:7)
14 verbose stack     at maybeClose (internal/child_process.js:886:16)
14 verbose stack     at Process.ChildProcess._handle.onexit (internal/child_process.js:226:5)
15 verbose pkgid console-props@1.0.2
16 verbose cwd D:\phpStudy\WWW\allPackages\consoleProps
17 error Windows_NT 6.1.7601
18 error argv "D:\\nodeJS\\nodejs\\node.exe" "D:\\nodeJS\\nodejs\\node_modules\\npm\\bin\\npm-cli.js" "run" "clean"
19 error node v6.10.2
20 error npm  v3.10.10
21 error code ELIFECYCLE
22 error console-props@1.0.2 clean: `rimraf lib`
22 error Exit status 1
23 error Failed at the console-props@1.0.2 clean script 'rimraf lib'.
23 error Make sure you have the latest version of node.js and npm installed.
23 error If you do, this is most likely a problem with the console-props package,
23 error not with npm itself.
23 error Tell the author that this fails on your system:
23 error     rimraf lib
23 error You can get information on how to open an issue for this project with:
23 error     npm bugs console-props
23 error Or if that isn't available, you can get their info via:
23 error     npm owner ls console-props
23 error There is likely additional logging output above.
24 verbose exit [ 1, true ]
